<?xml version="1.0" encoding="UTF-8"?>
<!-- Generated by org.testng.reporters.JUnitReportReporter -->
<testsuite hostname="Uthmans-MacBook-Pro.local" failures="0" tests="6" name="scripts.CarvanaTest" time="74.396" errors="0" timestamp="2022-06-19T23:59:03 CDT" skipped="0">
  <testcase classname="scripts.CarvanaTest" name="testCarvanaHomePageAndTitle" time="8.106"/>
  <system-out/>
  <testcase classname="scripts.CarvanaTest" name="testCarvanaLogoDisplayed" time="8.877"/>
  <system-out/>
  <testcase classname="scripts.CarvanaTest" name="testMainNavigationItems" time="7.958"/>
  <system-out/>
  <testcase classname="scripts.CarvanaTest" name="testSignInErrorMessage" time="16.133"/>
  <system-out/>
  <testcase classname="scripts.CarvanaTest" name="testSearchFilterSearchButton" time="13.806"/>
  <system-out/>
  <testcase classname="scripts.CarvanaTest" name="testSearchResultTiles" time="19.516"/>
  <system-out/>
</testsuite> <!-- scripts.CarvanaTest -->
